2021-06-23 19:28:04,996 [Worker-7: Loading available Gradle versions] INFO  o.e.b.c.i.u.g.PublishedGradleVersions - Gradle version information cache is up-to-date. Trying to read.
2021-06-23 19:40:08,159 [Worker-31: Creating maven-archetype-webapp] INFO  o.e.m.c.i.p.ProjectConfigurationManager - Collecting project info '/pom.xml' /home/hemanth/training/ProgressiveAssignment/assessment/pom.xml
2021-06-23 19:40:11,891 [Worker-31: Creating maven-archetype-webapp] INFO  o.e.m.c.i.l.LifecycleMappingFactory - Using org.maven.ide.eclipse.wtp.WarLifecycleMapping lifecycle mapping for MavenProject: com.team6:assessment:0.0.1-SNAPSHOT @ /home/hemanth/training/ProgressiveAssignment/assessment/pom.xml.
2021-06-23 19:40:13,581 [Worker-31: Creating maven-archetype-webapp] INFO  o.e.m.j.i.AbstractJavaProjectConfigurator - Adding source folder /assessment/src/main/java
2021-06-23 19:40:13,582 [Worker-31: Creating maven-archetype-webapp] INFO  o.e.m.j.i.AbstractJavaProjectConfigurator - Adding source folder /assessment/src/test/java
2021-06-23 19:40:16,593 [Worker-31: Creating maven-archetype-webapp] INFO  o.e.m.c.i.p.ProjectConfigurationManager - Imported and configured 1 project(s) in 8 sec
2021-06-23 19:40:16,966 [Worker-34: Building] INFO  o.e.m.c.i.embedder.EclipseLogger - Using 'UTF-8' encoding to copy filtered resources.
2021-06-23 19:40:16,967 [Worker-34: Building] INFO  o.e.m.c.i.embedder.EclipseLogger - skip non existing resourceDirectory /home/hemanth/training/ProgressiveAssignment/assessment/src/main/resources
2021-06-23 19:40:16,969 [Worker-34: Building] INFO  o.e.m.c.i.embedder.EclipseLogger - Using 'UTF-8' encoding to copy filtered resources.
2021-06-23 19:40:16,969 [Worker-34: Building] INFO  o.e.m.c.i.embedder.EclipseLogger - skip non existing resourceDirectory /home/hemanth/training/ProgressiveAssignment/assessment/src/test/resources
2021-06-23 19:41:16,797 [Worker-34: Creating maven-archetype-webapp] INFO  o.e.m.c.i.p.ProjectConfigurationManager - Collecting project info '/pom.xml' /home/hemanth/training/ProgressiveAssignment/project/pom.xml
2021-06-23 19:41:16,997 [Worker-34: Creating maven-archetype-webapp] INFO  o.e.m.c.i.l.LifecycleMappingFactory - Using org.maven.ide.eclipse.wtp.WarLifecycleMapping lifecycle mapping for MavenProject: com.team6:project:0.0.1-SNAPSHOT @ /home/hemanth/training/ProgressiveAssignment/project/pom.xml.
2021-06-23 19:41:17,380 [Worker-34: Creating maven-archetype-webapp] INFO  o.e.m.j.i.AbstractJavaProjectConfigurator - Adding source folder /project/src/main/java
2021-06-23 19:41:17,380 [Worker-34: Creating maven-archetype-webapp] INFO  o.e.m.j.i.AbstractJavaProjectConfigurator - Adding source folder /project/src/test/java
2021-06-23 19:41:17,653 [Worker-34: Creating maven-archetype-webapp] INFO  o.e.m.c.i.p.ProjectConfigurationManager - Imported and configured 1 project(s) in 0 sec
2021-06-23 19:41:17,853 [Worker-3: Building] INFO  o.e.m.c.i.embedder.EclipseLogger - Using 'UTF-8' encoding to copy filtered resources.
2021-06-23 19:41:17,853 [Worker-3: Building] INFO  o.e.m.c.i.embedder.EclipseLogger - skip non existing resourceDirectory /home/hemanth/training/ProgressiveAssignment/project/src/main/resources
2021-06-23 19:41:17,854 [Worker-3: Building] INFO  o.e.m.c.i.embedder.EclipseLogger - Using 'UTF-8' encoding to copy filtered resources.
2021-06-23 19:41:17,854 [Worker-3: Building] INFO  o.e.m.c.i.embedder.EclipseLogger - skip non existing resourceDirectory /home/hemanth/training/ProgressiveAssignment/project/src/test/resources
2021-06-23 19:41:18,900 [Worker-32: Building] INFO  o.e.m.c.i.embedder.EclipseLogger - Using 'UTF-8' encoding to copy filtered resources.
2021-06-23 19:41:18,900 [Worker-32: Building] INFO  o.e.m.c.i.embedder.EclipseLogger - skip non existing resourceDirectory /home/hemanth/training/ProgressiveAssignment/project/src/main/resources
2021-06-23 19:41:18,902 [Worker-32: Building] INFO  o.e.m.c.i.embedder.EclipseLogger - Using 'UTF-8' encoding to copy filtered resources.
2021-06-23 19:41:18,902 [Worker-32: Building] INFO  o.e.m.c.i.embedder.EclipseLogger - skip non existing resourceDirectory /home/hemanth/training/ProgressiveAssignment/project/src/test/resources
2021-06-23 19:42:01,243 [Worker-33: Updating Maven Dependencies] INFO  o.e.m.c.i.l.LifecycleMappingFactory - Using org.maven.ide.eclipse.wtp.WarLifecycleMapping lifecycle mapping for MavenProject: com.naveen:servlet-works:0.0.1-SNAPSHOT @ /home/hemanth/training/2/sapient-freshers-2021-jun-asde/workspaces/servlet-works/pom.xml.
2021-06-23 19:42:02,079 [Worker-3: Building] INFO  o.e.m.c.i.embedder.EclipseLogger - Using 'UTF-8' encoding to copy filtered resources.
2021-06-23 19:42:02,080 [Worker-3: Building] INFO  o.e.m.c.i.embedder.EclipseLogger - skip non existing resourceDirectory /home/hemanth/training/2/sapient-freshers-2021-jun-asde/workspaces/servlet-works/src/main/resources
2021-06-23 19:42:02,081 [Worker-3: Building] INFO  o.e.m.c.i.embedder.EclipseLogger - Using 'UTF-8' encoding to copy filtered resources.
2021-06-23 19:42:02,081 [Worker-3: Building] INFO  o.e.m.c.i.embedder.EclipseLogger - skip non existing resourceDirectory /home/hemanth/training/2/sapient-freshers-2021-jun-asde/workspaces/servlet-works/src/test/resources
2021-06-23 19:42:44,263 [Worker-36: Updating Maven Project] INFO  o.e.m.c.i.p.ProjectConfigurationManager - Update started
2021-06-23 19:42:44,461 [Worker-36: Updating Maven Project] INFO  o.e.m.c.i.l.LifecycleMappingFactory - Using org.maven.ide.eclipse.wtp.WarLifecycleMapping lifecycle mapping for MavenProject: com.team6:project:0.0.1-SNAPSHOT @ /home/hemanth/training/ProgressiveAssignment/project/pom.xml.
2021-06-23 19:42:44,518 [Worker-36: Updating Maven Project] INFO  o.e.m.j.i.AbstractJavaProjectConfigurator - Adding source folder /project/src/main/java
2021-06-23 19:42:44,519 [Worker-36: Updating Maven Project] INFO  o.e.m.j.i.AbstractJavaProjectConfigurator - Adding source folder /project/src/test/java
2021-06-23 19:42:44,671 [Worker-36: Updating Maven Project] INFO  o.e.m.w.i.f.ResourceFilteringBuildParticipant - Cleaning filtered folder for project
2021-06-23 19:42:44,673 [Worker-36: Updating Maven Project] INFO  o.e.m.c.i.p.ProjectConfigurationManager - Update completed: 0 sec
2021-06-23 19:42:44,830 [Worker-3: Building] INFO  o.e.m.c.i.embedder.EclipseLogger - Using 'UTF-8' encoding to copy filtered resources.
2021-06-23 19:42:44,830 [Worker-3: Building] INFO  o.e.m.c.i.embedder.EclipseLogger - skip non existing resourceDirectory /home/hemanth/training/ProgressiveAssignment/project/src/main/resources
2021-06-23 19:42:44,832 [Worker-3: Building] INFO  o.e.m.c.i.embedder.EclipseLogger - Using 'UTF-8' encoding to copy filtered resources.
2021-06-23 19:42:44,832 [Worker-3: Building] INFO  o.e.m.c.i.embedder.EclipseLogger - skip non existing resourceDirectory /home/hemanth/training/ProgressiveAssignment/project/src/test/resources
2021-06-23 19:42:44,832 [Worker-3: Building] INFO  o.e.m.w.i.f.ResourceFilteringBuildParticipant - Changed resources require a complete clean of filtered resources of project
2021-06-23 19:42:44,833 [Worker-3: Building] INFO  o.e.m.w.i.f.ResourceFilteringBuildParticipant - Executing resource filtering for project
2021-06-23 19:42:44,839 [Worker-3: Building] INFO  o.e.m.c.i.embedder.EclipseLogger - Using 'UTF-8' encoding to copy filtered resources.
2021-06-23 19:43:07,207 [Worker-32: Building] INFO  o.e.m.c.i.embedder.EclipseLogger - Using 'UTF-8' encoding to copy filtered resources.
2021-06-23 19:43:07,207 [Worker-32: Building] INFO  o.e.m.c.i.embedder.EclipseLogger - skip non existing resourceDirectory /home/hemanth/training/ProgressiveAssignment/project/src/main/resources
2021-06-23 19:43:07,208 [Worker-32: Building] INFO  o.e.m.c.i.embedder.EclipseLogger - Using 'UTF-8' encoding to copy filtered resources.
2021-06-23 19:43:07,208 [Worker-32: Building] INFO  o.e.m.c.i.embedder.EclipseLogger - skip non existing resourceDirectory /home/hemanth/training/ProgressiveAssignment/project/src/test/resources
2021-06-23 19:44:29,982 [Worker-34: Updating Maven Project] INFO  o.e.m.c.i.p.ProjectConfigurationManager - Update started
2021-06-23 19:44:29,995 [Worker-34: Updating Maven Project] INFO  o.e.m.c.i.l.LifecycleMappingFactory - Using org.maven.ide.eclipse.wtp.WarLifecycleMapping lifecycle mapping for MavenProject: com.naveen:servlet-works:0.0.1-SNAPSHOT @ /home/hemanth/training/2/sapient-freshers-2021-jun-asde/workspaces/servlet-works/pom.xml.
2021-06-23 19:44:30,134 [Worker-34: Updating Maven Project] INFO  o.e.m.j.i.AbstractJavaProjectConfigurator - Adding source folder /servlet-works/src/main/java
2021-06-23 19:44:30,137 [Worker-34: Updating Maven Project] INFO  o.e.m.j.i.AbstractJavaProjectConfigurator - Adding source folder /servlet-works/src/test/java
2021-06-23 19:44:30,415 [Worker-34: Updating Maven Project] INFO  o.e.m.w.i.f.ResourceFilteringBuildParticipant - Cleaning filtered folder for servlet-works
2021-06-23 19:44:30,449 [Worker-34: Updating Maven Project] INFO  o.e.m.c.i.p.ProjectConfigurationManager - Update completed: 0 sec
2021-06-23 19:44:30,722 [Worker-39: Building] INFO  o.e.m.c.i.embedder.EclipseLogger - Using 'UTF-8' encoding to copy filtered resources.
2021-06-23 19:44:30,722 [Worker-39: Building] INFO  o.e.m.c.i.embedder.EclipseLogger - skip non existing resourceDirectory /home/hemanth/training/2/sapient-freshers-2021-jun-asde/workspaces/servlet-works/src/main/resources
2021-06-23 19:44:30,723 [Worker-39: Building] INFO  o.e.m.c.i.embedder.EclipseLogger - Using 'UTF-8' encoding to copy filtered resources.
2021-06-23 19:44:30,723 [Worker-39: Building] INFO  o.e.m.c.i.embedder.EclipseLogger - skip non existing resourceDirectory /home/hemanth/training/2/sapient-freshers-2021-jun-asde/workspaces/servlet-works/src/test/resources
2021-06-23 19:44:30,724 [Worker-39: Building] INFO  o.e.m.w.i.f.ResourceFilteringBuildParticipant - Changed resources require a complete clean of filtered resources of servlet-works
2021-06-23 19:44:30,724 [Worker-39: Building] INFO  o.e.m.w.i.f.ResourceFilteringBuildParticipant - Executing resource filtering for servlet-works
2021-06-23 19:44:30,727 [Worker-39: Building] INFO  o.e.m.c.i.embedder.EclipseLogger - Using 'UTF-8' encoding to copy filtered resources.
2021-06-23 19:44:31,788 [Worker-41: Building] INFO  o.e.m.c.i.embedder.EclipseLogger - Using 'UTF-8' encoding to copy filtered resources.
2021-06-23 19:44:31,789 [Worker-41: Building] INFO  o.e.m.c.i.embedder.EclipseLogger - skip non existing resourceDirectory /home/hemanth/training/2/sapient-freshers-2021-jun-asde/workspaces/servlet-works/src/main/resources
2021-06-23 19:44:31,795 [Worker-41: Building] INFO  o.e.m.c.i.embedder.EclipseLogger - Using 'UTF-8' encoding to copy filtered resources.
2021-06-23 19:44:31,796 [Worker-41: Building] INFO  o.e.m.c.i.embedder.EclipseLogger - skip non existing resourceDirectory /home/hemanth/training/2/sapient-freshers-2021-jun-asde/workspaces/servlet-works/src/test/resources
2021-06-23 19:45:37,469 [Worker-34: Building] INFO  o.e.m.c.i.embedder.EclipseLogger - Using 'UTF-8' encoding to copy filtered resources.
2021-06-23 19:45:37,469 [Worker-34: Building] INFO  o.e.m.c.i.embedder.EclipseLogger - skip non existing resourceDirectory /home/hemanth/training/ProgressiveAssignment/project/src/main/resources
2021-06-23 19:45:37,472 [Worker-34: Building] INFO  o.e.m.c.i.embedder.EclipseLogger - Using 'UTF-8' encoding to copy filtered resources.
2021-06-23 19:45:37,472 [Worker-34: Building] INFO  o.e.m.c.i.embedder.EclipseLogger - skip non existing resourceDirectory /home/hemanth/training/ProgressiveAssignment/project/src/test/resources
2021-06-23 19:46:00,430 [Worker-39: Building] INFO  o.e.m.c.i.embedder.EclipseLogger - Using 'UTF-8' encoding to copy filtered resources.
2021-06-23 19:46:00,430 [Worker-39: Building] INFO  o.e.m.c.i.embedder.EclipseLogger - skip non existing resourceDirectory /home/hemanth/training/ProgressiveAssignment/project/src/main/resources
2021-06-23 19:46:00,432 [Worker-39: Building] INFO  o.e.m.c.i.embedder.EclipseLogger - Using 'UTF-8' encoding to copy filtered resources.
2021-06-23 19:46:00,432 [Worker-39: Building] INFO  o.e.m.c.i.embedder.EclipseLogger - skip non existing resourceDirectory /home/hemanth/training/ProgressiveAssignment/project/src/test/resources
2021-06-23 19:46:17,378 [Worker-34: Building] INFO  o.e.m.c.i.embedder.EclipseLogger - Using 'UTF-8' encoding to copy filtered resources.
2021-06-23 19:46:17,378 [Worker-34: Building] INFO  o.e.m.c.i.embedder.EclipseLogger - skip non existing resourceDirectory /home/hemanth/training/ProgressiveAssignment/project/src/main/resources
2021-06-23 19:46:17,379 [Worker-34: Building] INFO  o.e.m.c.i.embedder.EclipseLogger - Using 'UTF-8' encoding to copy filtered resources.
2021-06-23 19:46:17,379 [Worker-34: Building] INFO  o.e.m.c.i.embedder.EclipseLogger - skip non existing resourceDirectory /home/hemanth/training/ProgressiveAssignment/project/src/test/resources
2021-06-23 19:46:33,970 [Worker-39: Building] INFO  o.e.m.c.i.embedder.EclipseLogger - Using 'UTF-8' encoding to copy filtered resources.
2021-06-23 19:46:33,970 [Worker-39: Building] INFO  o.e.m.c.i.embedder.EclipseLogger - skip non existing resourceDirectory /home/hemanth/training/ProgressiveAssignment/project/src/main/resources
2021-06-23 19:46:33,971 [Worker-39: Building] INFO  o.e.m.c.i.embedder.EclipseLogger - Using 'UTF-8' encoding to copy filtered resources.
2021-06-23 19:46:33,971 [Worker-39: Building] INFO  o.e.m.c.i.embedder.EclipseLogger - skip non existing resourceDirectory /home/hemanth/training/ProgressiveAssignment/project/src/test/resources
2021-06-23 19:47:17,245 [Worker-41: Building] INFO  o.e.m.c.i.embedder.EclipseLogger - Using 'UTF-8' encoding to copy filtered resources.
2021-06-23 19:47:17,245 [Worker-41: Building] INFO  o.e.m.c.i.embedder.EclipseLogger - skip non existing resourceDirectory /home/hemanth/training/ProgressiveAssignment/project/src/main/resources
2021-06-23 19:47:17,246 [Worker-41: Building] INFO  o.e.m.c.i.embedder.EclipseLogger - Using 'UTF-8' encoding to copy filtered resources.
2021-06-23 19:47:17,246 [Worker-41: Building] INFO  o.e.m.c.i.embedder.EclipseLogger - skip non existing resourceDirectory /home/hemanth/training/ProgressiveAssignment/project/src/test/resources
2021-06-23 19:48:50,961 [Worker-39: Building] INFO  o.e.m.c.i.embedder.EclipseLogger - Using 'UTF-8' encoding to copy filtered resources.
2021-06-23 19:48:50,961 [Worker-39: Building] INFO  o.e.m.c.i.embedder.EclipseLogger - skip non existing resourceDirectory /home/hemanth/training/ProgressiveAssignment/project/src/main/resources
2021-06-23 19:48:50,963 [Worker-39: Building] INFO  o.e.m.c.i.embedder.EclipseLogger - Using 'UTF-8' encoding to copy filtered resources.
2021-06-23 19:48:50,963 [Worker-39: Building] INFO  o.e.m.c.i.embedder.EclipseLogger - skip non existing resourceDirectory /home/hemanth/training/ProgressiveAssignment/project/src/test/resources
2021-06-23 19:49:14,268 [Worker-41: Building] INFO  o.e.m.c.i.embedder.EclipseLogger - Using 'UTF-8' encoding to copy filtered resources.
2021-06-23 19:49:14,269 [Worker-41: Building] INFO  o.e.m.c.i.embedder.EclipseLogger - skip non existing resourceDirectory /home/hemanth/training/ProgressiveAssignment/project/src/main/resources
2021-06-23 19:49:14,269 [Worker-41: Building] INFO  o.e.m.c.i.embedder.EclipseLogger - Using 'UTF-8' encoding to copy filtered resources.
2021-06-23 19:49:14,269 [Worker-41: Building] INFO  o.e.m.c.i.embedder.EclipseLogger - skip non existing resourceDirectory /home/hemanth/training/ProgressiveAssignment/project/src/test/resources
2021-06-23 19:50:18,122 [Worker-39: Building] INFO  o.e.m.c.i.l.LifecycleMappingFactory - Using org.maven.ide.eclipse.wtp.WarLifecycleMapping lifecycle mapping for MavenProject: com.team6:project:0.0.1-SNAPSHOT @ /home/hemanth/training/ProgressiveAssignment/project/pom.xml.
2021-06-23 19:50:18,494 [Worker-39: Building] INFO  o.e.m.c.i.embedder.EclipseLogger - Using 'UTF-8' encoding to copy filtered resources.
2021-06-23 19:50:18,494 [Worker-39: Building] INFO  o.e.m.c.i.embedder.EclipseLogger - skip non existing resourceDirectory /home/hemanth/training/ProgressiveAssignment/project/src/main/resources
2021-06-23 19:50:18,496 [Worker-39: Building] INFO  o.e.m.c.i.embedder.EclipseLogger - Using 'UTF-8' encoding to copy filtered resources.
2021-06-23 19:50:18,496 [Worker-39: Building] INFO  o.e.m.c.i.embedder.EclipseLogger - skip non existing resourceDirectory /home/hemanth/training/ProgressiveAssignment/project/src/test/resources
2021-06-23 19:50:18,497 [Worker-39: Building] INFO  o.e.m.w.i.f.ResourceFilteringBuildParticipant - Changed resources require a complete clean of filtered resources of project
2021-06-23 19:50:18,497 [Worker-39: Building] INFO  o.e.m.w.i.f.ResourceFilteringBuildParticipant - Executing resource filtering for project
2021-06-23 19:50:18,501 [Worker-39: Building] INFO  o.e.m.c.i.embedder.EclipseLogger - Using 'UTF-8' encoding to copy filtered resources.
2021-06-23 19:50:18,740 [Worker-41: Building] INFO  o.e.m.c.i.embedder.EclipseLogger - Using 'UTF-8' encoding to copy filtered resources.
2021-06-23 19:50:18,740 [Worker-41: Building] INFO  o.e.m.c.i.embedder.EclipseLogger - skip non existing resourceDirectory /home/hemanth/training/ProgressiveAssignment/project/src/main/resources
2021-06-23 19:50:18,741 [Worker-41: Building] INFO  o.e.m.c.i.embedder.EclipseLogger - Using 'UTF-8' encoding to copy filtered resources.
2021-06-23 19:50:18,742 [Worker-41: Building] INFO  o.e.m.c.i.embedder.EclipseLogger - skip non existing resourceDirectory /home/hemanth/training/ProgressiveAssignment/project/src/test/resources
2021-06-23 19:50:42,225 [Worker-41: Updating Maven Project] INFO  o.e.m.c.i.p.ProjectConfigurationManager - Update started
2021-06-23 19:50:42,624 [Worker-41: Updating Maven Project] INFO  o.e.m.c.i.l.LifecycleMappingFactory - Using org.maven.ide.eclipse.wtp.WarLifecycleMapping lifecycle mapping for MavenProject: com.team6:project:0.0.1-SNAPSHOT @ /home/hemanth/training/ProgressiveAssignment/project/pom.xml.
2021-06-23 19:50:42,681 [Worker-41: Updating Maven Project] INFO  o.e.m.j.i.AbstractJavaProjectConfigurator - Adding source folder /project/src/main/java
2021-06-23 19:50:42,681 [Worker-41: Updating Maven Project] INFO  o.e.m.j.i.AbstractJavaProjectConfigurator - Adding source folder /project/src/test/java
2021-06-23 19:50:43,089 [Worker-41: Updating Maven Project] INFO  o.e.m.w.i.f.ResourceFilteringBuildParticipant - Cleaning filtered folder for project
2021-06-23 19:50:43,093 [Worker-41: Updating Maven Project] INFO  o.e.m.c.i.p.ProjectConfigurationManager - Update completed: 0 sec
2021-06-23 19:50:43,664 [Worker-41: Building Project project] INFO  o.e.m.c.i.embedder.EclipseLogger - Using 'UTF-8' encoding to copy filtered resources.
2021-06-23 19:50:43,665 [Worker-41: Building Project project] INFO  o.e.m.c.i.embedder.EclipseLogger - skip non existing resourceDirectory /home/hemanth/training/ProgressiveAssignment/project/src/main/resources
2021-06-23 19:50:43,667 [Worker-41: Building Project project] INFO  o.e.m.c.i.embedder.EclipseLogger - Using 'UTF-8' encoding to copy filtered resources.
2021-06-23 19:50:43,667 [Worker-41: Building Project project] INFO  o.e.m.c.i.embedder.EclipseLogger - skip non existing resourceDirectory /home/hemanth/training/ProgressiveAssignment/project/src/test/resources
2021-06-23 19:50:43,668 [Worker-41: Building Project project] INFO  o.e.m.w.i.f.ResourceFilteringBuildParticipant - Changed resources require a complete clean of filtered resources of project
2021-06-23 19:50:43,668 [Worker-41: Building Project project] INFO  o.e.m.w.i.f.ResourceFilteringBuildParticipant - Executing resource filtering for project
2021-06-23 19:50:43,673 [Worker-41: Building Project project] INFO  o.e.m.c.i.embedder.EclipseLogger - Using 'UTF-8' encoding to copy filtered resources.
2021-06-23 19:52:20,375 [Worker-41: Building] INFO  o.e.m.c.i.embedder.EclipseLogger - Using 'UTF-8' encoding to copy filtered resources.
2021-06-23 19:52:20,375 [Worker-41: Building] INFO  o.e.m.c.i.embedder.EclipseLogger - skip non existing resourceDirectory /home/hemanth/training/ProgressiveAssignment/project/src/main/resources
2021-06-23 19:52:20,376 [Worker-41: Building] INFO  o.e.m.c.i.embedder.EclipseLogger - Using 'UTF-8' encoding to copy filtered resources.
2021-06-23 19:52:20,376 [Worker-41: Building] INFO  o.e.m.c.i.embedder.EclipseLogger - skip non existing resourceDirectory /home/hemanth/training/ProgressiveAssignment/project/src/test/resources
